<?xml version="1.0" encoding="UTF-8"?>
<testng-results skipped="0" failed="0" total="4" passed="4">
  <reporter-output>
  </reporter-output>
  <suite name="Suite1" duration-ms="24" started-at="2016-05-31T13:04:09Z" finished-at="2016-05-31T13:04:09Z">
    <groups>
    </groups>
    <test name="Nopackage" duration-ms="24" started-at="2016-05-31T13:04:09Z" finished-at="2016-05-31T13:04:09Z">
      <class name="com.manish.tngfactory.TestNGFactory">
        <test-method status="PASS" signature="testMethodTwo()[pri:0, instance:com.manish.tngfactory.TestNGFactory@1517365b]" name="testMethodTwo" duration-ms="5" started-at="2016-05-31T18:34:09Z" finished-at="2016-05-31T18:34:09Z">
          <reporter-output>
          </reporter-output>
        </test-method> <!-- testMethodTwo -->
        <test-method status="PASS" signature="testMethodTwo()[pri:0, instance:com.manish.tngfactory.TestNGFactory@4fccd51b]" name="testMethodTwo" duration-ms="0" started-at="2016-05-31T18:34:09Z" finished-at="2016-05-31T18:34:09Z">
          <reporter-output>
          </reporter-output>
        </test-method> <!-- testMethodTwo -->
        <test-method status="PASS" signature="testMethodOne()[pri:0, instance:com.manish.tngfactory.TestNGFactory@1517365b]" name="testMethodOne" duration-ms="1" started-at="2016-05-31T18:34:09Z" depends-on-methods="com.manish.tngfactory.TestNGFactory.testMethodTwo" finished-at="2016-05-31T18:34:09Z">
          <reporter-output>
          </reporter-output>
        </test-method> <!-- testMethodOne -->
        <test-method status="PASS" signature="testMethodOne()[pri:0, instance:com.manish.tngfactory.TestNGFactory@4fccd51b]" name="testMethodOne" duration-ms="0" started-at="2016-05-31T18:34:09Z" depends-on-methods="com.manish.tngfactory.TestNGFactory.testMethodTwo" finished-at="2016-05-31T18:34:09Z">
          <reporter-output>
          </reporter-output>
        </test-method> <!-- testMethodOne -->
      </class> <!-- com.manish.tngfactory.TestNGFactory -->
    </test> <!-- Nopackage -->
  </suite> <!-- Suite1 -->
</testng-results>
