<?xml version="1.0" encoding="UTF-8"?>
<testng-results skipped="0" failed="0" total="2" passed="2">
  <reporter-output>
  </reporter-output>
  <suite name="Suite1" duration-ms="50" started-at="2016-05-27T07:16:46Z" finished-at="2016-05-27T07:16:46Z">
    <groups>
    </groups>
    <test name="Nopackage" duration-ms="23" started-at="2016-05-27T07:16:46Z" finished-at="2016-05-27T07:16:46Z">
      <class name="TestOutside">
        <test-method status="PASS" signature="testMethod()[pri:0, instance:TestOutside@3419866c]" name="testMethod" duration-ms="9" started-at="2016-05-27T12:46:46Z" finished-at="2016-05-27T12:46:46Z">
          <reporter-output>
          </reporter-output>
        </test-method> <!-- testMethod -->
      </class> <!-- TestOutside -->
    </test> <!-- Nopackage -->
    <test name="PackageExecutionTest" duration-ms="1" started-at="2016-05-27T07:16:46Z" finished-at="2016-05-27T07:16:46Z">
      <class name="com.manish.testNGXML.TestExecuteXML">
        <test-method status="PASS" signature="testMethod()[pri:0, instance:com.manish.testNGXML.TestExecuteXML@ba4d54]" name="testMethod" duration-ms="0" started-at="2016-05-27T12:46:46Z" finished-at="2016-05-27T12:46:46Z">
          <reporter-output>
          </reporter-output>
        </test-method> <!-- testMethod -->
      </class> <!-- com.manish.testNGXML.TestExecuteXML -->
    </test> <!-- PackageExecutionTest -->
  </suite> <!-- Suite1 -->
</testng-results>
