<?xml version="1.0" encoding="UTF-8"?>
<testng-results skipped="0" failed="0" total="2" passed="2">
  <reporter-output>
  </reporter-output>
  <suite name="Suite1" duration-ms="16" started-at="2016-05-31T12:18:46Z" finished-at="2016-05-31T12:18:46Z">
    <groups>
    </groups>
    <test name="Nopackage" duration-ms="16" started-at="2016-05-31T12:18:46Z" finished-at="2016-05-31T12:18:46Z">
      <class name="com.manish.tngfactory.TestNGFactory">
        <test-method status="PASS" signature="testMethodOne()[pri:0, instance:com.manish.tngfactory.TestNGFactory@1517365b]" name="testMethodOne" duration-ms="6" started-at="2016-05-31T17:48:46Z" finished-at="2016-05-31T17:48:46Z">
          <reporter-output>
          </reporter-output>
        </test-method> <!-- testMethodOne -->
        <test-method status="PASS" signature="testMethodOne()[pri:0, instance:com.manish.tngfactory.TestNGFactory@4fccd51b]" name="testMethodOne" duration-ms="0" started-at="2016-05-31T17:48:46Z" finished-at="2016-05-31T17:48:46Z">
          <reporter-output>
          </reporter-output>
        </test-method> <!-- testMethodOne -->
      </class> <!-- com.manish.tngfactory.TestNGFactory -->
    </test> <!-- Nopackage -->
  </suite> <!-- Suite1 -->
</testng-results>
